#
# There is insufficient memory for the Java Runtime Environment to continue.
# Native memory allocation (mmap) failed to map 132120576 bytes for G1 virtual space
# Possible reasons:
#   The system is out of physical RAM or swap space
#   The process is running with CompressedOops enabled, and the Java Heap may be blocking the growth of the native heap
# Possible solutions:
#   Reduce memory load on the system
#   Increase physical memory or swap space
#   Check if swap backing store is full
#   Decrease Java heap size (-Xmx/-Xms)
#   Decrease number of Java threads
#   Decrease Java thread stack sizes (-Xss)
#   Set larger code cache with -XX:ReservedCodeCacheSize=
#   JVM is running with Unscaled Compressed Oops mode in which the Java heap is
#     placed in the first 4GB address space. The Java Heap base address is the
#     maximum limit for the native heap growth. Please use -XX:HeapBaseMinAddress
#     to set the Java Heap base and to place the Java Heap above 4GB virtual address.
# This output file may be truncated or incomplete.
#
#  Out of Memory Error (os_windows.cpp:3613), pid=18464, tid=21132
#
# JRE version:  (17.0.10+7) (build )
# Java VM: OpenJDK 64-Bit Server VM (17.0.10+7, mixed mode, sharing, tiered, compressed oops, compressed class ptrs, g1 gc, windows-amd64)
# No core dump will be written. Minidumps are not enabled by default on client versions of Windows
#

---------------  S U M M A R Y ------------

Command Line: -Dfile.encoding=UTF-8 -Dstdout.encoding=UTF-8 -Dstderr.encoding=UTF-8 -XX:+ShowCodeDetailsInExceptionMessages controller.MainController

Host: Intel(R) Core(TM) i5-10210U CPU @ 1.60GHz, 8 cores, 7G,  Windows 11 , 64 bit Build 22621 (10.0.22621.3374)
Time: Sat May 18 02:34:22 2024  Windows 11 , 64 bit Build 22621 (10.0.22621.3374) elapsed time: 0.010714 seconds (0d 0h 0m 0s)

---------------  T H R E A D  ---------------

Current thread (0x000001d9fca192c0):  JavaThread "Unknown thread" [_thread_in_vm, id=21132, stack(0x00000095d9a00000,0x00000095d9b00000)]

Stack: [0x00000095d9a00000,0x00000095d9b00000]
Native frames: (J=compiled Java code, j=interpreted, Vv=VM code, C=native code)
V  [jvm.dll+0x67d2c9]
V  [jvm.dll+0x834afa]
V  [jvm.dll+0x8365be]
V  [jvm.dll+0x836c23]
V  [jvm.dll+0x2477ff]
V  [jvm.dll+0x67a109]
V  [jvm.dll+0x66eb7a]
V  [jvm.dll+0x30764b]
V  [jvm.dll+0x30eaf6]
V  [jvm.dll+0x35e83e]
V  [jvm.dll+0x35ea6f]
V  [jvm.dll+0x2de248]
V  [jvm.dll+0x2df1b4]
V  [jvm.dll+0x806361]
V  [jvm.dll+0x36c6f1]
V  [jvm.dll+0x7e4e06]
V  [jvm.dll+0x3eff3f]
V  [jvm.dll+0x3f1b71]
C  [jli.dll+0x528f]
C  [ucrtbase.dll+0x29333]
C  [KERNEL32.DLL+0x1257d]
C  [ntdll.dll+0x5aa48]


---------------  P R O C E S S  ---------------

Threads class SMR info:
_java_thread_list=0x00007ffb2ec3ee98, length=0, elements={
}

Java Threads: ( => current thread )

Other Threads:
  0x000001d9fca75e40 GCTaskThread "GC Thread#0" [stack: 0x00000095d9b00000,0x00000095d9c00000] [id=2472]
  0x000001d9fca867d0 ConcurrentGCThread "G1 Main Marker" [stack: 0x00000095d9c00000,0x00000095d9d00000] [id=21408]
  0x000001d9fca87990 ConcurrentGCThread "G1 Conc#0" [stack: 0x00000095d9d00000,0x00000095d9e00000] [id=21240]

[error occurred during error reporting (printing all threads), id 0xc0000005, EXCEPTION_ACCESS_VIOLATION (0xc0000005) at pc=0x00007ffb2e3fec87]

VM state: not at safepoint (not fully initialized)

VM Mutex/Monitor currently owned by a thread:  ([mutex/lock_event])
[0x000001d9fca12b10] Heap_lock - owner thread: 0x000001d9fca192c0

Heap address: 0x0000000082e00000, size: 2002 MB, Compressed Oops mode: 32-bit

CDS archive(s) mapped at: [0x0000000000000000-0x0000000000000000-0x0000000000000000), size 0, SharedBaseAddress: 0x0000000800000000, ArchiveRelocationMode: 1.
Narrow klass base: 0x0000000000000000, Narrow klass shift: 0, Narrow klass range: 0x0

GC Precious Log:
<Empty>

Heap:
 garbage-first heap   total 0K, used 0K [0x0000000082e00000, 0x0000000100000000)
  region size 1024K, 0 young (0K), 0 survivors (0K)

[error occurred during error reporting (printing heap information), id 0xc0000005, EXCEPTION_ACCESS_VIOLATION (0xc0000005) at pc=0x00007ffb2e7e6fb9]

GC Heap History (0 events):
No events

Dll operation events (1 events):
Event: 0.006 Loaded shared library D:\eclipse\plugins\org.eclipse.justj.openjdk.hotspot.jre.full.win32.x86_64_17.0.10.v20240120-1143\jre\bin\java.dll

Deoptimization events (0 events):
No events

Classes unloaded (0 events):
No events

Classes redefined (0 events):
No events

Internal exceptions (0 events):
No events

VM Operations (0 events):
No events

Events (0 events):
No events


Dynamic libraries:
0x00007ff6ae590000 - 0x00007ff6ae59e000 	D:\eclipse\plugins\org.eclipse.justj.openjdk.hotspot.jre.full.win32.x86_64_17.0.10.v20240120-1143\jre\bin\javaw.exe
0x00007ffbe3a50000 - 0x00007ffbe3c66000 	C:\WINDOWS\SYSTEM32\ntdll.dll
0x00007ffbe20f0000 - 0x00007ffbe21b4000 	C:\WINDOWS\System32\KERNEL32.DLL
0x00007ffbe0d70000 - 0x00007ffbe1117000 	C:\WINDOWS\System32\KERNELBASE.dll
0x00007ffbe1430000 - 0x00007ffbe1541000 	C:\WINDOWS\System32\ucrtbase.dll
0x00007ffbd6f90000 - 0x00007ffbd6fa7000 	D:\eclipse\plugins\org.eclipse.justj.openjdk.hotspot.jre.full.win32.x86_64_17.0.10.v20240120-1143\jre\bin\jli.dll
0x00007ffbcaa10000 - 0x00007ffbcaa2b000 	D:\eclipse\plugins\org.eclipse.justj.openjdk.hotspot.jre.full.win32.x86_64_17.0.10.v20240120-1143\jre\bin\VCRUNTIME140.dll
0x00007ffbe2b10000 - 0x00007ffbe2cbe000 	C:\WINDOWS\System32\USER32.dll
0x00007ffbe1400000 - 0x00007ffbe1426000 	C:\WINDOWS\System32\win32u.dll
0x00007ffbcf5d0000 - 0x00007ffbcf863000 	C:\WINDOWS\WinSxS\amd64_microsoft.windows.common-controls_6595b64144ccf1df_6.0.22621.3235_none_270f74e173860f98\COMCTL32.dll
0x00007ffbe32c0000 - 0x00007ffbe32e9000 	C:\WINDOWS\System32\GDI32.dll
0x00007ffbe1270000 - 0x00007ffbe1389000 	C:\WINDOWS\System32\gdi32full.dll
0x00007ffbe32f0000 - 0x00007ffbe3397000 	C:\WINDOWS\System32\msvcrt.dll
0x00007ffbe11a0000 - 0x00007ffbe123a000 	C:\WINDOWS\System32\msvcp_win.dll
0x00007ffbe39d0000 - 0x00007ffbe3a01000 	C:\WINDOWS\System32\IMM32.DLL
0x00007ffbcaa00000 - 0x00007ffbcaa0c000 	D:\eclipse\plugins\org.eclipse.justj.openjdk.hotspot.jre.full.win32.x86_64_17.0.10.v20240120-1143\jre\bin\vcruntime140_1.dll
0x00007ffbafc20000 - 0x00007ffbafcad000 	D:\eclipse\plugins\org.eclipse.justj.openjdk.hotspot.jre.full.win32.x86_64_17.0.10.v20240120-1143\jre\bin\msvcp140.dll
0x00007ffb2e110000 - 0x00007ffb2ed72000 	D:\eclipse\plugins\org.eclipse.justj.openjdk.hotspot.jre.full.win32.x86_64_17.0.10.v20240120-1143\jre\bin\server\jvm.dll
0x00007ffbe2e80000 - 0x00007ffbe2f32000 	C:\WINDOWS\System32\ADVAPI32.dll
0x00007ffbe2da0000 - 0x00007ffbe2e48000 	C:\WINDOWS\System32\sechost.dll
0x00007ffbe1240000 - 0x00007ffbe1268000 	C:\WINDOWS\System32\bcrypt.dll
0x00007ffbe1fc0000 - 0x00007ffbe20d5000 	C:\WINDOWS\System32\RPCRT4.dll
0x00007ffbd56a0000 - 0x00007ffbd56d4000 	C:\WINDOWS\SYSTEM32\WINMM.dll
0x00007ffbc3150000 - 0x00007ffbc3159000 	C:\WINDOWS\SYSTEM32\WSOCK32.dll
0x00007ffbdfc10000 - 0x00007ffbdfc5d000 	C:\WINDOWS\SYSTEM32\POWRPROF.dll
0x00007ffbe3950000 - 0x00007ffbe39c1000 	C:\WINDOWS\System32\WS2_32.dll
0x00007ffbd55f0000 - 0x00007ffbd55fa000 	C:\WINDOWS\SYSTEM32\VERSION.dll
0x00007ffbdfbf0000 - 0x00007ffbdfc03000 	C:\WINDOWS\SYSTEM32\UMPDC.dll
0x00007ffbdfea0000 - 0x00007ffbdfeb8000 	C:\WINDOWS\SYSTEM32\kernel.appcore.dll
0x00007ffbd81c0000 - 0x00007ffbd81ca000 	D:\eclipse\plugins\org.eclipse.justj.openjdk.hotspot.jre.full.win32.x86_64_17.0.10.v20240120-1143\jre\bin\jimage.dll
0x00007ffbdb050000 - 0x00007ffbdb283000 	C:\WINDOWS\SYSTEM32\DBGHELP.DLL
0x00007ffbe19f0000 - 0x00007ffbe1d78000 	C:\WINDOWS\System32\combase.dll
0x00007ffbe2cc0000 - 0x00007ffbe2d97000 	C:\WINDOWS\System32\OLEAUT32.dll
0x00007ffbd01b0000 - 0x00007ffbd01e2000 	C:\WINDOWS\SYSTEM32\dbgcore.DLL
0x00007ffbe1120000 - 0x00007ffbe1199000 	C:\WINDOWS\System32\bcryptPrimitives.dll
0x00007ffbd68d0000 - 0x00007ffbd68f5000 	D:\eclipse\plugins\org.eclipse.justj.openjdk.hotspot.jre.full.win32.x86_64_17.0.10.v20240120-1143\jre\bin\java.dll

dbghelp: loaded successfully - version: 4.0.5 - missing functions: none
symbol engine: initialized successfully - sym options: 0x614 - pdb path: .;D:\eclipse\plugins\org.eclipse.justj.openjdk.hotspot.jre.full.win32.x86_64_17.0.10.v20240120-1143\jre\bin;C:\WINDOWS\SYSTEM32;C:\WINDOWS\WinSxS\amd64_microsoft.windows.common-controls_6595b64144ccf1df_6.0.22621.3235_none_270f74e173860f98;D:\eclipse\plugins\org.eclipse.justj.openjdk.hotspot.jre.full.win32.x86_64_17.0.10.v20240120-1143\jre\bin\server

VM Arguments:
jvm_args: -Dfile.encoding=UTF-8 -Dstdout.encoding=UTF-8 -Dstderr.encoding=UTF-8 -XX:+ShowCodeDetailsInExceptionMessages 
java_command: controller.MainController
java_class_path (initial): D:\java_study\BasicJava\BasicJava\project2\bin;D:\java_study\BasicJava\BasicJava\project2\lombok.jar;D:\java_study\BasicJava\BasicJava\project2\ojdbc6.jar
Launcher Type: SUN_STANDARD

[Global flags]
     intx CICompilerCount                          = 4                                         {product} {ergonomic}
     uint ConcGCThreads                            = 2                                         {product} {ergonomic}
     uint G1ConcRefinementThreads                  = 8                                         {product} {ergonomic}
   size_t G1HeapRegionSize                         = 1048576                                   {product} {ergonomic}
    uintx GCDrainStackTargetSize                   = 64                                        {product} {ergonomic}
   size_t InitialHeapSize                          = 132120576                                 {product} {ergonomic}
   size_t MarkStackSize                            = 4194304                                   {product} {ergonomic}
   size_t MaxHeapSize                              = 2099249152                                {product} {ergonomic}
   size_t MinHeapDeltaBytes                        = 1048576                                   {product} {ergonomic}
   size_t MinHeapSize                              = 8388608                                   {product} {ergonomic}
    uintx NonNMethodCodeHeapSize                   = 5839372                                {pd product} {ergonomic}
    uintx NonProfiledCodeHeapSize                  = 122909434                              {pd product} {ergonomic}
    uintx ProfiledCodeHeapSize                     = 122909434                              {pd product} {ergonomic}
    uintx ReservedCodeCacheSize                    = 251658240                              {pd product} {ergonomic}
     bool SegmentedCodeCache                       = true                                      {product} {ergonomic}
     bool ShowCodeDetailsInExceptionMessages       = true                                   {manageable} {command line}
   size_t SoftMaxHeapSize                          = 2099249152                             {manageable} {ergonomic}
     bool UseCompressedClassPointers               = true                           {product lp64_product} {ergonomic}
     bool UseCompressedOops                        = true                           {product lp64_product} {ergonomic}
     bool UseG1GC                                  = true                                      {product} {ergonomic}
     bool UseLargePagesIndividualAllocation        = false                                  {pd product} {ergonomic}

Logging:
Log output configuration:
 #0: stdout all=warning uptime,level,tags
 #1: stderr all=off uptime,level,tags

Environment Variables:
JAVA_HOME=C:\Program Files\Java\jdk-21
PATH=D:/eclipse//plugins/org.eclipse.justj.openjdk.hotspot.jre.full.win32.x86_64_17.0.10.v20240120-1143/jre/bin/server;D:/eclipse//plugins/org.eclipse.justj.openjdk.hotspot.jre.full.win32.x86_64_17.0.10.v20240120-1143/jre/bin;C:\oraclexe\app\oracle\product\11.2.0\server\bin;;D:\app\ksy20\product\11.2.0\client_2;D:\app\ksy20\product\11.2.0\client_1;C:\Program Files\Common Files\Oracle\Java\javapath;C:\Program Files (x86)\Common Files\Intel\Shared Libraries\redist\intel64\compiler;C:\windows\system32;C:\windows;C:\windows\System32\Wbem;C:\windows\System32\WindowsPowerShell\v1.0\;C:\windows\System32\OpenSSH\;C:\Program Files (x86)\NVIDIA Corporation\PhysX\Common;C:\Program Files\NVIDIA Corporation\NVIDIA NvDLISR;C:\WINDOWS\system32;C:\WINDOWS;C:\WINDOWS\System32\Wbem;C:\WINDOWS\System32\WindowsPowerShell\v1.0\;C:\WINDOWS\System32\OpenSSH\;C:\Program Files\dotnet\;C:\Program Files\Java\jdk-21\bin\;C:\Users\ksy20\AppData\Local\Microsoft\WindowsApps;;D:\IntelliJ IDEA Community Edition 2023.3.6\bin;;D:\eclipse;
USERNAME=ksy20
OS=Windows_NT
PROCESSOR_IDENTIFIER=Intel64 Family 6 Model 142 Stepping 12, GenuineIntel
TMP=C:\Users\ksy20\AppData\Local\Temp
TEMP=C:\Users\ksy20\AppData\Local\Temp



Periodic native trim disabled


---------------  S Y S T E M  ---------------

OS:
 Windows 11 , 64 bit Build 22621 (10.0.22621.3374)
OS uptime: 0 days 4:35 hours

CPU: total 8 (initial active 8) (4 cores per cpu, 2 threads per core) family 6 model 142 stepping 12 microcode 0xde, cx8, cmov, fxsr, ht, mmx, 3dnowpref, sse, sse2, sse3, ssse3, sse4.1, sse4.2, popcnt, lzcnt, tsc, tscinvbit, avx, avx2, aes, erms, clmul, bmi1, bmi2, adx, fma, vzeroupper, clflush, clflushopt
Processor Information for all 8 processors :
  Max Mhz: 2112, Current Mhz: 1609, Mhz Limit: 1605

Memory: 4k page, system-wide physical 8001M (1054M free)
TotalPageFile size 21750M (AvailPageFile size 75M)
current process WorkingSet (physical memory assigned to process): 11M, peak: 11M
current process commit charge ("private bytes"): 60M, peak: 186M

vm_info: OpenJDK 64-Bit Server VM (17.0.10+7) for windows-amd64 JRE (17.0.10+7), built on Jan 16 2024 23:25:11 by "admin" with MS VC++ 16.10 / 16.11 (VS2019)

END.
