#
# There is insufficient memory for the Java Runtime Environment to continue.
# Native memory allocation (mmap) failed to map 132120576 bytes for G1 virtual space
# Possible reasons:
#   The system is out of physical RAM or swap space
#   The process is running with CompressedOops enabled, and the Java Heap may be blocking the growth of the native heap
# Possible solutions:
#   Reduce memory load on the system
#   Increase physical memory or swap space
#   Check if swap backing store is full
#   Decrease Java heap size (-Xmx/-Xms)
#   Decrease number of Java threads
#   Decrease Java thread stack sizes (-Xss)
#   Set larger code cache with -XX:ReservedCodeCacheSize=
#   JVM is running with Unscaled Compressed Oops mode in which the Java heap is
#     placed in the first 4GB address space. The Java Heap base address is the
#     maximum limit for the native heap growth. Please use -XX:HeapBaseMinAddress
#     to set the Java Heap base and to place the Java Heap above 4GB virtual address.
# This output file may be truncated or incomplete.
#
#  Out of Memory Error (os_windows.cpp:3613), pid=22236, tid=21508
#
# JRE version:  (17.0.10+7) (build )
# Java VM: OpenJDK 64-Bit Server VM (17.0.10+7, mixed mode, sharing, tiered, compressed oops, compressed class ptrs, g1 gc, windows-amd64)
# No core dump will be written. Minidumps are not enabled by default on client versions of Windows
#

---------------  S U M M A R Y ------------

Command Line: -Dfile.encoding=UTF-8 -Dstdout.encoding=UTF-8 -Dstderr.encoding=UTF-8 -XX:+ShowCodeDetailsInExceptionMessages controller.MainController

Host: Intel(R) Core(TM) i5-10210U CPU @ 1.60GHz, 8 cores, 7G,  Windows 11 , 64 bit Build 22621 (10.0.22621.3374)
Time: Sat May 18 05:20:59 2024  Windows 11 , 64 bit Build 22621 (10.0.22621.3374) elapsed time: 0.047557 seconds (0d 0h 0m 0s)

---------------  T H R E A D  ---------------

Current thread (0x000001b72f97c750):  JavaThread "Unknown thread" [_thread_in_vm, id=21508, stack(0x0000003699700000,0x0000003699800000)]

Stack: [0x0000003699700000,0x0000003699800000]
Native frames: (J=compiled Java code, j=interpreted, Vv=VM code, C=native code)
V  [jvm.dll+0x67d2c9]
V  [jvm.dll+0x834afa]
V  [jvm.dll+0x8365be]
V  [jvm.dll+0x836c23]
V  [jvm.dll+0x2477ff]
V  [jvm.dll+0x67a109]
V  [jvm.dll+0x66eb7a]
V  [jvm.dll+0x30764b]
V  [jvm.dll+0x30eaf6]
V  [jvm.dll+0x35e83e]
V  [jvm.dll+0x35ea6f]
V  [jvm.dll+0x2de248]
V  [jvm.dll+0x2df1b4]
V  [jvm.dll+0x806361]
V  [jvm.dll+0x36c6f1]
V  [jvm.dll+0x7e4e06]
V  [jvm.dll+0x3eff3f]
V  [jvm.dll+0x3f1b71]
C  [jli.dll+0x528f]
C  [ucrtbase.dll+0x29333]
C  [KERNEL32.DLL+0x1257d]
C  [ntdll.dll+0x5aa48]


---------------  P R O C E S S  ---------------

Threads class SMR info:
_java_thread_list=0x00007ffc6250ee98, length=0, elements={
}

Java Threads: ( => current thread )

Other Threads:
  0x000001b72f9d52a0 GCTaskThread "GC Thread#0" [stack: 0x0000003699800000,0x0000003699900000] [id=10144]
  0x000001b72f9e6040 ConcurrentGCThread "G1 Main Marker" [stack: 0x0000003699900000,0x0000003699a00000] [id=15556]
  0x000001b72f9e7200 ConcurrentGCThread "G1 Conc#0" [stack: 0x0000003699a00000,0x0000003699b00000] [id=9968]

[error occurred during error reporting (printing all threads), id 0xc0000005, EXCEPTION_ACCESS_VIOLATION (0xc0000005) at pc=0x00007ffc61ccec87]

VM state: not at safepoint (not fully initialized)

VM Mutex/Monitor currently owned by a thread:  ([mutex/lock_event])
[0x000001b72f9773e0] Heap_lock - owner thread: 0x000001b72f97c750

Heap address: 0x0000000082e00000, size: 2002 MB, Compressed Oops mode: 32-bit

CDS archive(s) mapped at: [0x0000000000000000-0x0000000000000000-0x0000000000000000), size 0, SharedBaseAddress: 0x0000000800000000, ArchiveRelocationMode: 1.
Narrow klass base: 0x0000000000000000, Narrow klass shift: 0, Narrow klass range: 0x0

GC Precious Log:
<Empty>

Heap:
 garbage-first heap   total 0K, used 0K [0x0000000082e00000, 0x0000000100000000)
  region size 1024K, 0 young (0K), 0 survivors (0K)

[error occurred during error reporting (printing heap information), id 0xc0000005, EXCEPTION_ACCESS_VIOLATION (0xc0000005) at pc=0x00007ffc620b6fb9]

GC Heap History (0 events):
No events

Dll operation events (1 events):
Event: 0.030 Loaded shared library D:\eclipse\plugins\org.eclipse.justj.openjdk.hotspot.jre.full.win32.x86_64_17.0.10.v20240120-1143\jre\bin\java.dll

Deoptimization events (0 events):
No events

Classes unloaded (0 events):
No events

Classes redefined (0 events):
No events

Internal exceptions (0 events):
No events

VM Operations (0 events):
No events

Events (0 events):
No events


Dynamic libraries:
0x00007ff73f340000 - 0x00007ff73f34e000 	D:\eclipse\plugins\org.eclipse.justj.openjdk.hotspot.jre.full.win32.x86_64_17.0.10.v20240120-1143\jre\bin\javaw.exe
0x00007ffcca170000 - 0x00007ffcca386000 	C:\WINDOWS\SYSTEM32\ntdll.dll
0x00007ffcc88f0000 - 0x00007ffcc89b4000 	C:\WINDOWS\System32\KERNEL32.DLL
0x00007ffcc75e0000 - 0x00007ffcc7987000 	C:\WINDOWS\System32\KERNELBASE.dll
0x00007ffcc7ba0000 - 0x00007ffcc7cb1000 	C:\WINDOWS\System32\ucrtbase.dll
0x00007ffc61990000 - 0x00007ffc619a7000 	D:\eclipse\plugins\org.eclipse.justj.openjdk.hotspot.jre.full.win32.x86_64_17.0.10.v20240120-1143\jre\bin\jli.dll
0x00007ffcc13d0000 - 0x00007ffcc13eb000 	D:\eclipse\plugins\org.eclipse.justj.openjdk.hotspot.jre.full.win32.x86_64_17.0.10.v20240120-1143\jre\bin\VCRUNTIME140.dll
0x00007ffcc7f10000 - 0x00007ffcc80be000 	C:\WINDOWS\System32\USER32.dll
0x00007ffcc7ab0000 - 0x00007ffcc7ad6000 	C:\WINDOWS\System32\win32u.dll
0x00007ffcb4f70000 - 0x00007ffcb5203000 	C:\WINDOWS\WinSxS\amd64_microsoft.windows.common-controls_6595b64144ccf1df_6.0.22621.3235_none_270f74e173860f98\COMCTL32.dll
0x00007ffcc96b0000 - 0x00007ffcc9757000 	C:\WINDOWS\System32\msvcrt.dll
0x00007ffcc8120000 - 0x00007ffcc8149000 	C:\WINDOWS\System32\GDI32.dll
0x00007ffcc7990000 - 0x00007ffcc7aa9000 	C:\WINDOWS\System32\gdi32full.dll
0x00007ffcc7490000 - 0x00007ffcc752a000 	C:\WINDOWS\System32\msvcp_win.dll
0x00007ffcc80e0000 - 0x00007ffcc8111000 	C:\WINDOWS\System32\IMM32.DLL
0x00007ffcc1310000 - 0x00007ffcc131c000 	D:\eclipse\plugins\org.eclipse.justj.openjdk.hotspot.jre.full.win32.x86_64_17.0.10.v20240120-1143\jre\bin\vcruntime140_1.dll
0x00007ffcb4a80000 - 0x00007ffcb4b0d000 	D:\eclipse\plugins\org.eclipse.justj.openjdk.hotspot.jre.full.win32.x86_64_17.0.10.v20240120-1143\jre\bin\msvcp140.dll
0x00007ffc619e0000 - 0x00007ffc62642000 	D:\eclipse\plugins\org.eclipse.justj.openjdk.hotspot.jre.full.win32.x86_64_17.0.10.v20240120-1143\jre\bin\server\jvm.dll
0x00007ffcc9870000 - 0x00007ffcc9922000 	C:\WINDOWS\System32\ADVAPI32.dll
0x00007ffcc8840000 - 0x00007ffcc88e8000 	C:\WINDOWS\System32\sechost.dll
0x00007ffcc7530000 - 0x00007ffcc7558000 	C:\WINDOWS\System32\bcrypt.dll
0x00007ffcc81c0000 - 0x00007ffcc82d5000 	C:\WINDOWS\System32\RPCRT4.dll
0x00007ffca9380000 - 0x00007ffca9389000 	C:\WINDOWS\SYSTEM32\WSOCK32.dll
0x00007ffcc6330000 - 0x00007ffcc637d000 	C:\WINDOWS\SYSTEM32\POWRPROF.dll
0x00007ffcbc290000 - 0x00007ffcbc2c4000 	C:\WINDOWS\SYSTEM32\WINMM.dll
0x00007ffcc9930000 - 0x00007ffcc99a1000 	C:\WINDOWS\System32\WS2_32.dll
0x00007ffcba7f0000 - 0x00007ffcba7fa000 	C:\WINDOWS\SYSTEM32\VERSION.dll
0x00007ffcc6310000 - 0x00007ffcc6323000 	C:\WINDOWS\SYSTEM32\UMPDC.dll
0x00007ffcc65c0000 - 0x00007ffcc65d8000 	C:\WINDOWS\SYSTEM32\kernel.appcore.dll
0x00007ffc7ec70000 - 0x00007ffc7ec7a000 	D:\eclipse\plugins\org.eclipse.justj.openjdk.hotspot.jre.full.win32.x86_64_17.0.10.v20240120-1143\jre\bin\jimage.dll
0x00007ffcc1540000 - 0x00007ffcc1773000 	C:\WINDOWS\SYSTEM32\DBGHELP.DLL
0x00007ffcc9b60000 - 0x00007ffcc9ee8000 	C:\WINDOWS\System32\combase.dll
0x00007ffcc82e0000 - 0x00007ffcc83b7000 	C:\WINDOWS\System32\OLEAUT32.dll
0x00007ffcb6ab0000 - 0x00007ffcb6ae2000 	C:\WINDOWS\SYSTEM32\dbgcore.DLL
0x00007ffcc7560000 - 0x00007ffcc75d9000 	C:\WINDOWS\System32\bcryptPrimitives.dll
0x00007ffc619b0000 - 0x00007ffc619d5000 	D:\eclipse\plugins\org.eclipse.justj.openjdk.hotspot.jre.full.win32.x86_64_17.0.10.v20240120-1143\jre\bin\java.dll

dbghelp: loaded successfully - version: 4.0.5 - missing functions: none
symbol engine: initialized successfully - sym options: 0x614 - pdb path: .;D:\eclipse\plugins\org.eclipse.justj.openjdk.hotspot.jre.full.win32.x86_64_17.0.10.v20240120-1143\jre\bin;C:\WINDOWS\SYSTEM32;C:\WINDOWS\WinSxS\amd64_microsoft.windows.common-controls_6595b64144ccf1df_6.0.22621.3235_none_270f74e173860f98;D:\eclipse\plugins\org.eclipse.justj.openjdk.hotspot.jre.full.win32.x86_64_17.0.10.v20240120-1143\jre\bin\server

VM Arguments:
jvm_args: -Dfile.encoding=UTF-8 -Dstdout.encoding=UTF-8 -Dstderr.encoding=UTF-8 -XX:+ShowCodeDetailsInExceptionMessages 
java_command: controller.MainController
java_class_path (initial): D:\java_study\BasicJava\BasicJava\project2\bin;D:\java_study\BasicJava\BasicJava\project2\lombok.jar;D:\java_study\BasicJava\BasicJava\project2\ojdbc6.jar
Launcher Type: SUN_STANDARD

[Global flags]
     intx CICompilerCount                          = 4                                         {product} {ergonomic}
     uint ConcGCThreads                            = 2                                         {product} {ergonomic}
     uint G1ConcRefinementThreads                  = 8                                         {product} {ergonomic}
   size_t G1HeapRegionSize                         = 1048576                                   {product} {ergonomic}
    uintx GCDrainStackTargetSize                   = 64                                        {product} {ergonomic}
   size_t InitialHeapSize                          = 132120576                                 {product} {ergonomic}
   size_t MarkStackSize                            = 4194304                                   {product} {ergonomic}
   size_t MaxHeapSize                              = 2099249152                                {product} {ergonomic}
   size_t MinHeapDeltaBytes                        = 1048576                                   {product} {ergonomic}
   size_t MinHeapSize                              = 8388608                                   {product} {ergonomic}
    uintx NonNMethodCodeHeapSize                   = 5839372                                {pd product} {ergonomic}
    uintx NonProfiledCodeHeapSize                  = 122909434                              {pd product} {ergonomic}
    uintx ProfiledCodeHeapSize                     = 122909434                              {pd product} {ergonomic}
    uintx ReservedCodeCacheSize                    = 251658240                              {pd product} {ergonomic}
     bool SegmentedCodeCache                       = true                                      {product} {ergonomic}
     bool ShowCodeDetailsInExceptionMessages       = true                                   {manageable} {command line}
   size_t SoftMaxHeapSize                          = 2099249152                             {manageable} {ergonomic}
     bool UseCompressedClassPointers               = true                           {product lp64_product} {ergonomic}
     bool UseCompressedOops                        = true                           {product lp64_product} {ergonomic}
     bool UseG1GC                                  = true                                      {product} {ergonomic}
     bool UseLargePagesIndividualAllocation        = false                                  {pd product} {ergonomic}

Logging:
Log output configuration:
 #0: stdout all=warning uptime,level,tags
 #1: stderr all=off uptime,level,tags

Environment Variables:
JAVA_HOME=C:\Program Files\Java\jdk-21
PATH=D:/eclipse//plugins/org.eclipse.justj.openjdk.hotspot.jre.full.win32.x86_64_17.0.10.v20240120-1143/jre/bin/server;D:/eclipse//plugins/org.eclipse.justj.openjdk.hotspot.jre.full.win32.x86_64_17.0.10.v20240120-1143/jre/bin;C:\oraclexe\app\oracle\product\11.2.0\server\bin;;D:\app\ksy20\product\11.2.0\client_2;D:\app\ksy20\product\11.2.0\client_1;C:\Program Files\Common Files\Oracle\Java\javapath;C:\Program Files (x86)\Common Files\Intel\Shared Libraries\redist\intel64\compiler;C:\windows\system32;C:\windows;C:\windows\System32\Wbem;C:\windows\System32\WindowsPowerShell\v1.0\;C:\windows\System32\OpenSSH\;C:\Program Files (x86)\NVIDIA Corporation\PhysX\Common;C:\Program Files\NVIDIA Corporation\NVIDIA NvDLISR;C:\WINDOWS\system32;C:\WINDOWS;C:\WINDOWS\System32\Wbem;C:\WINDOWS\System32\WindowsPowerShell\v1.0\;C:\WINDOWS\System32\OpenSSH\;C:\Program Files\dotnet\;C:\Program Files\Java\jdk-21\bin\;C:\Users\ksy20\AppData\Local\Microsoft\WindowsApps;;D:\IntelliJ IDEA Community Edition 2023.3.6\bin;;D:\eclipse;
USERNAME=ksy20
OS=Windows_NT
PROCESSOR_IDENTIFIER=Intel64 Family 6 Model 142 Stepping 12, GenuineIntel
TMP=C:\Users\ksy20\AppData\Local\Temp
TEMP=C:\Users\ksy20\AppData\Local\Temp



Periodic native trim disabled


---------------  S Y S T E M  ---------------

OS:
 Windows 11 , 64 bit Build 22621 (10.0.22621.3374)
OS uptime: 0 days 0:37 hours

CPU: total 8 (initial active 8) (4 cores per cpu, 2 threads per core) family 6 model 142 stepping 12 microcode 0xde, cx8, cmov, fxsr, ht, mmx, 3dnowpref, sse, sse2, sse3, ssse3, sse4.1, sse4.2, popcnt, lzcnt, tsc, tscinvbit, avx, avx2, aes, erms, clmul, bmi1, bmi2, adx, fma, vzeroupper, clflush, clflushopt
Processor Information for processor 0
  Max Mhz: 2112, Current Mhz: 1609, Mhz Limit: 1605
Processor Information for processor 1
  Max Mhz: 2112, Current Mhz: 1508, Mhz Limit: 1605
Processor Information for processor 2
  Max Mhz: 2112, Current Mhz: 1508, Mhz Limit: 1605
Processor Information for processor 3
  Max Mhz: 2112, Current Mhz: 1609, Mhz Limit: 1605
Processor Information for processor 4
  Max Mhz: 2112, Current Mhz: 1508, Mhz Limit: 1605
Processor Information for processor 5
  Max Mhz: 2112, Current Mhz: 1508, Mhz Limit: 1605
Processor Information for processor 6
  Max Mhz: 2112, Current Mhz: 1609, Mhz Limit: 1605
Processor Information for processor 7
  Max Mhz: 2112, Current Mhz: 1609, Mhz Limit: 1605

Memory: 4k page, system-wide physical 8001M (1367M free)
TotalPageFile size 21750M (AvailPageFile size 128M)
current process WorkingSet (physical memory assigned to process): 11M, peak: 11M
current process commit charge ("private bytes"): 60M, peak: 186M

vm_info: OpenJDK 64-Bit Server VM (17.0.10+7) for windows-amd64 JRE (17.0.10+7), built on Jan 16 2024 23:25:11 by "admin" with MS VC++ 16.10 / 16.11 (VS2019)

END.
